

Version:	3.14
CmdLine:	D:\Documents\Java_projects\haffman\haff.exe --l4j-debug
WOW64:		yes
Working dir:	D:\Documents\Java_projects\haffman\.
Java min ver:	1.008.000
Java max ver:	
64-bit search:	SOFTWARE\JavaSoft\Java Runtime Environment...
Check:		SOFTWARE\JavaSoft\Java Runtime Environment\1.8
Check launcher:	D:\Soft\Java\java_soft\bin\javaw.exe (OK)
Match:		1.008.000
Check:		SOFTWARE\JavaSoft\Java Runtime Environment\1.8.0_251
Check launcher:	D:\Soft\Java\java_soft\bin\javaw.exe (OK)
Match:		1.008.000_251
64-bit search:	SOFTWARE\JavaSoft\Java Development Kit...
Check:		SOFTWARE\JavaSoft\Java Development Kit\1.8
Ignore:		1.008.000
Check:		SOFTWARE\JavaSoft\Java Development Kit\1.8.0_251
Ignore:		1.008.000_251
64-bit search:	SOFTWARE\JavaSoft\JRE...
64-bit search:	SOFTWARE\JavaSoft\JDK...
Runtime used:	1.008.000_251 (64-bit)
Launcher:	D:\Soft\Java\java_soft\bin\javaw.exe
Launcher args:	-jar "D:\Documents\Java_projects\haffman\haff.exe"
Args length:	50/32768 chars
Exit code:	0


Version:	3.14
CmdLine:	D:\Documents\Java_projects\haffman\haff.exe --l4j-debug
WOW64:		yes
Working dir:	D:\Documents\Java_projects\haffman\.
Java min ver:	1.008.000
Java max ver:	
64-bit search:	SOFTWARE\JavaSoft\Java Runtime Environment...
Check:		SOFTWARE\JavaSoft\Java Runtime Environment\1.8
Check launcher:	D:\Soft\Java\java_soft\bin\javaw.exe (OK)
Match:		1.008.000
Check:		SOFTWARE\JavaSoft\Java Runtime Environment\1.8.0_251
Check launcher:	D:\Soft\Java\java_soft\bin\javaw.exe (OK)
Match:		1.008.000_251
64-bit search:	SOFTWARE\JavaSoft\Java Development Kit...
Check:		SOFTWARE\JavaSoft\Java Development Kit\1.8
Ignore:		1.008.000
Check:		SOFTWARE\JavaSoft\Java Development Kit\1.8.0_251
Ignore:		1.008.000_251
64-bit search:	SOFTWARE\JavaSoft\JRE...
64-bit search:	SOFTWARE\JavaSoft\JDK...
Runtime used:	1.008.000_251 (64-bit)
Launcher:	D:\Soft\Java\java_soft\bin\javaw.exe
Launcher args:	-jar "D:\Documents\Java_projects\haffman\haff.exe"
Args length:	50/32768 chars
Exit code:	0
